Apr 26 17:50:46 Installed: mpfr-3.1.1-4.el7.x86_64
Apr 26 17:50:46 Installed: libmpc-1.0.1-3.el7.x86_64
Apr 26 17:50:47 Installed: cpp-4.8.5-16.el7_4.2.x86_64
Apr 26 17:50:47 Installed: kernel-headers-3.10.0-693.21.1.el7.x86_64
Apr 26 17:50:48 Installed: glibc-headers-2.17-196.el7_4.2.x86_64
Apr 26 17:50:48 Installed: glibc-devel-2.17-196.el7_4.2.x86_64
Apr 26 17:50:49 Installed: gcc-4.8.5-16.el7_4.2.x86_64
Apr 26 17:55:56 Installed: strace-4.12-4.el7.x86_64
Apr 26 18:20:47 Installed: wget-1.14-15.el7_4.1.x86_64
Apr 26 19:06:29 Installed: man-pages-overrides-7.4.3-1.el7.x86_64
Apr 26 19:15:11 Installed: epel-release-7-9.noarch
Apr 26 19:16:36 Installed: zlib-devel-1.2.7-17.el7.x86_64
Apr 26 19:16:36 Installed: elfutils-libelf-devel-0.168-8.el7.x86_64
Apr 26 19:18:32 Installed: bc-1.06.95-13.el7.x86_64
Apr 26 19:23:18 Installed: libkadm5-1.15.1-8.el7.x86_64
Apr 26 19:23:18 Installed: libsepol-devel-2.5-6.el7.x86_64
Apr 26 19:23:18 Installed: pcre-devel-8.32-17.el7.x86_64
Apr 26 19:23:18 Installed: libselinux-devel-2.5-11.el7.x86_64
Apr 26 19:23:18 Installed: libcom_err-devel-1.42.9-10.el7.x86_64
Apr 26 19:23:18 Installed: libverto-devel-0.2.5-4.el7.x86_64
Apr 26 19:23:18 Installed: keyutils-libs-devel-1.5.8-3.el7.x86_64
Apr 26 19:23:18 Installed: krb5-devel-1.15.1-8.el7.x86_64
Apr 26 19:23:19 Installed: 1:openssl-devel-1.0.2k-8.el7.x86_64
Apr 26 22:07:08 Installed: 1:perl-parent-0.225-244.el7.noarch
Apr 26 22:07:08 Installed: perl-HTTP-Tiny-0.033-3.el7.noarch
Apr 26 22:07:08 Installed: perl-podlators-2.5.1-3.el7.noarch
Apr 26 22:07:08 Installed: perl-Pod-Perldoc-3.20-4.el7.noarch
Apr 26 22:07:08 Installed: 1:perl-Pod-Escapes-1.04-292.el7.noarch
Apr 26 22:07:08 Installed: perl-Text-ParseWords-3.29-4.el7.noarch
Apr 26 22:07:08 Installed: perl-Encode-2.51-7.el7.x86_64
Apr 26 22:07:08 Installed: perl-Pod-Usage-1.63-3.el7.noarch
Apr 26 22:07:08 Installed: 4:perl-macros-5.16.3-292.el7.x86_64
Apr 26 22:07:09 Installed: 4:perl-libs-5.16.3-292.el7.x86_64
Apr 26 22:07:09 Installed: perl-Storable-2.45-3.el7.x86_64
Apr 26 22:07:09 Installed: perl-Exporter-5.68-3.el7.noarch
Apr 26 22:07:09 Installed: perl-constant-1.27-2.el7.noarch
Apr 26 22:07:09 Installed: perl-Time-Local-1.2300-2.el7.noarch
Apr 26 22:07:09 Installed: perl-Socket-2.010-4.el7.x86_64
Apr 26 22:07:09 Installed: perl-Carp-1.26-244.el7.noarch
Apr 26 22:07:09 Installed: 4:perl-Time-HiRes-1.9725-3.el7.x86_64
Apr 26 22:07:09 Installed: perl-PathTools-3.40-5.el7.x86_64
Apr 26 22:07:09 Installed: perl-Scalar-List-Utils-1.27-248.el7.x86_64
Apr 26 22:07:09 Installed: perl-File-Temp-0.23.01-3.el7.noarch
Apr 26 22:07:09 Installed: perl-File-Path-2.09-2.el7.noarch
Apr 26 22:07:09 Installed: perl-threads-shared-1.43-6.el7.x86_64
Apr 26 22:07:09 Installed: perl-threads-1.87-4.el7.x86_64
Apr 26 22:07:09 Installed: perl-Filter-1.49-3.el7.x86_64
Apr 26 22:07:09 Installed: 1:perl-Pod-Simple-3.28-4.el7.noarch
Apr 26 22:07:09 Installed: perl-Getopt-Long-2.40-2.el7.noarch
Apr 26 22:07:11 Installed: 4:perl-5.16.3-292.el7.x86_64
Apr 27 04:08:14 Installed: boost-system-1.53.0-27.el7.x86_64
Apr 27 04:08:14 Installed: boost-chrono-1.53.0-27.el7.x86_64
Apr 27 04:08:14 Installed: boost-filesystem-1.53.0-27.el7.x86_64
Apr 27 04:08:15 Installed: boost-thread-1.53.0-27.el7.x86_64
Apr 27 04:08:15 Installed: libicu-50.1.2-15.el7.x86_64
Apr 27 04:08:15 Installed: boost-regex-1.53.0-27.el7.x86_64
Apr 27 04:08:15 Installed: boost-date-time-1.53.0-27.el7.x86_64
Apr 27 04:08:15 Installed: boost-wave-1.53.0-27.el7.x86_64
Apr 27 04:08:16 Installed: boost-graph-1.53.0-27.el7.x86_64
Apr 27 04:08:16 Installed: boost-locale-1.53.0-27.el7.x86_64
Apr 27 04:08:16 Installed: boost-timer-1.53.0-27.el7.x86_64
Apr 27 04:08:16 Installed: libyui-3.1.5-1.el7.x86_64
Apr 27 04:08:16 Installed: libyui-ncurses-2.46.7-1.el7.x86_64
Apr 27 04:08:16 Installed: boost-python-1.53.0-27.el7.x86_64
Apr 27 04:08:16 Installed: boost-atomic-1.53.0-27.el7.x86_64
Apr 27 04:08:16 Installed: boost-math-1.53.0-27.el7.x86_64
Apr 27 04:08:16 Installed: boost-signals-1.53.0-27.el7.x86_64
Apr 27 04:08:16 Installed: boost-context-1.53.0-27.el7.x86_64
Apr 27 04:08:16 Installed: boost-program-options-1.53.0-27.el7.x86_64
Apr 27 04:08:16 Installed: boost-random-1.53.0-27.el7.x86_64
Apr 27 04:08:16 Installed: boost-iostreams-1.53.0-27.el7.x86_64
Apr 27 04:08:16 Installed: boost-test-1.53.0-27.el7.x86_64
Apr 27 04:08:16 Installed: boost-serialization-1.53.0-27.el7.x86_64
Apr 27 04:08:16 Installed: boost-1.53.0-27.el7.x86_64
Apr 27 04:08:22 Installed: boost-devel-1.53.0-27.el7.x86_64
Apr 27 04:08:22 Installed: libyui-devel-3.1.5-1.el7.x86_64
Apr 27 04:08:23 Installed: ncurses-devel-5.9-14.20130511.el7_4.x86_64
Apr 27 04:08:23 Installed: libyui-ncurses-devel-2.46.7-1.el7.x86_64
Apr 27 09:17:31 Installed: 1:perl-Error-0.17020-2.el7.noarch
Apr 27 09:17:31 Installed: perl-TermReadKey-2.30-20.el7.x86_64
Apr 27 09:17:31 Installed: libgnome-keyring-3.12.0-1.el7.x86_64
Apr 27 09:17:31 Installed: perl-Git-1.8.3.1-12.el7_4.noarch
Apr 27 09:17:32 Installed: git-1.8.3.1-12.el7_4.x86_64
